<?xml version="1.0" encoding="utf-8"?><testsuites name="pytest tests"><testsuite name="pytest" errors="0" failures="0" skipped="0" tests="7" time="1.907" timestamp="2026-04-12T19:09:48.161932+00:00" hostname="agent-env-55192ea5-8eb4-4be6-99e0-31adc4c73709"><testcase classname="backend.tests.test_media_api" name="test_post_uploads_returns_expected_payload" time="0.494" /><testcase classname="backend.tests.test_media_api" name="test_get_upload_content_returns_binary" time="0.487" /><testcase classname="backend.tests.test_media_api" name="test_put_portfolio_persists_media_items" time="0.385" /><testcase classname="backend.tests.test_portfolio_api" name="test_api_root_health" time="0.135" /><testcase classname="backend.tests.test_portfolio_api" name="test_get_portfolio_structure" time="0.045" /><testcase classname="backend.tests.test_portfolio_api" name="test_put_portfolio_persists_changes" time="0.191" /><testcase classname="backend.tests.test_portfolio_api" name="test_post_contact_and_verify_in_inbox" time="0.098" /></testsuite></testsuites>