<?xml version="1.0" encoding="utf-8"?><testsuites name="pytest tests"><testsuite name="pytest" errors="0" failures="0" skipped="0" tests="4" time="0.714" timestamp="2026-04-10T02:35:14.353045+00:00" hostname="agent-env-55192ea5-8eb4-4be6-99e0-31adc4c73709"><testcase classname="backend.tests.test_portfolio_api" name="test_api_root_health" time="0.207" /><testcase classname="backend.tests.test_portfolio_api" name="test_get_portfolio_structure" time="0.056" /><testcase classname="backend.tests.test_portfolio_api" name="test_put_portfolio_persists_changes" time="0.213" /><testcase classname="backend.tests.test_portfolio_api" name="test_post_contact_and_verify_in_inbox" time="0.118" /></testsuite></testsuites>